<?xml version="1.0" encoding="UTF-8"?>
<!-- Generated by org.testng.reporters.JUnitXMLReporter -->
<testsuite hostname="Parthiban" ignored="0" name="Regression suite 1" tests="3" failures="0" timestamp="30 Dec 2017 05:06:36 GMT" time="38.988" errors="0">
  <testcase name="loginPageTitleTest" time="0.047" classname="com.parthy.tests.LoginPageTest"/>
  <testcase name="crmLogotest" time="0.134" classname="com.parthy.tests.LoginPageTest"/>
  <testcase name="loginTest" time="10.054" classname="com.parthy.tests.LoginPageTest"/>
</testsuite> <!-- Regression suite 1 -->
