<?xml version="1.0" encoding="UTF-8"?>
<!-- Generated by org.testng.reporters.JUnitXMLReporter -->
<testsuite hostname="Parthiban" ignored="0" name="Free CRM Test" tests="10" failures="0" timestamp="05 Jan 2018 04:46:32 GMT" time="334.274" errors="0">
  <testcase name="loginPageTitleTest" time="0.017" classname="com.parthy.tests.LoginPageTest"/>
  <testcase name="homePageTitletest" time="0.019" classname="com.parthy.tests.HomePageTest"/>
  <testcase name="verifyContactsLabel" time="3.044" classname="com.parthy.tests.ContactsPageTest"/>
  <testcase name="crmLogotest" time="0.169" classname="com.parthy.tests.LoginPageTest"/>
  <testcase name="verfiyUserNameTest" time="5.101" classname="com.parthy.tests.HomePageTest"/>
  <testcase name="verifyCreateNewContact" time="12.103" classname="com.parthy.tests.ContactsPageTest"/>
  <testcase name="verifyCreateNewContact" time="11.225" classname="com.parthy.tests.ContactsPageTest"/>
  <testcase name="verifyCreateNewContact" time="11.185" classname="com.parthy.tests.ContactsPageTest"/>
  <testcase name="loginTest" time="17.662" classname="com.parthy.tests.LoginPageTest"/>
  <testcase name="verfiyContactsLink" time="10.177" classname="com.parthy.tests.HomePageTest"/>
</testsuite> <!-- Free CRM Test -->
