<?xml version="1.0" encoding="UTF-8"?>
<testsuite xmlns:xsi="http://www.w3.org/2001/XMLSchema-instance" xsi:noNamespaceSchemaLocation="https://maven.apache.org/surefire/maven-surefire-plugin/xsd/surefire-test-report.xsd" name="TestSuite" time="335.95" tests="10" errors="0" skipped="0" failures="0">
  <properties>
[...]
</properties>
  <testcase name="loginPageTitleTest" classname="com.parthy.tests.LoginPageTest" time="0.018"/>
  <testcase name="homePageTitletest" classname="com.parthy.tests.HomePageTest" time="0.018"/>
  <testcase name="verifyContactsLabel" classname="com.parthy.tests.ContactsPageTest" time="3.045"/>
  <testcase name="crmLogotest" classname="com.parthy.tests.LoginPageTest" time="0.168"/>
  <testcase name="verfiyUserNameTest" classname="com.parthy.tests.HomePageTest" time="5.1"/>
  <testcase name="verifyCreateNewContact" classname="com.parthy.tests.ContactsPageTest" time="12.103"/>
  <testcase name="verifyCreateNewContact" classname="com.parthy.tests.ContactsPageTest" time="11.225"/>
  <testcase name="verifyCreateNewContact" classname="com.parthy.tests.ContactsPageTest" time="11.187"/>
  <testcase name="loginTest" classname="com.parthy.tests.LoginPageTest" time="17.662"/>
  <testcase name="verfiyContactsLink" classname="com.parthy.tests.HomePageTest" time="10.177"/>
</testsuite>